<?xml version="1.0" encoding="UTF-8"?>
<coverage generated="1695870222013" clover="3.2.0">
  <project timestamp="1695870222013" name="All files">
    <metrics statements="43" coveredstatements="41" conditionals="4" coveredconditionals="2" methods="10" coveredmethods="10" elements="57" coveredelements="53" complexity="0" loc="43" ncloc="43" packages="1" files="1" classes="1"/>
    <file name="index.js" path="C:\Users\iniol\OneDrive\Desktop\Fall 2023\jwts-server\index.js">
      <metrics statements="43" coveredstatements="41" conditionals="4" coveredconditionals="2" methods="10" coveredmethods="10"/>
      <line num="1" count="1" type="stmt"/>
      <line num="2" count="1" type="stmt"/>
      <line num="3" count="1" type="stmt"/>
      <line num="4" count="1" type="stmt"/>
      <line num="5" count="1" type="stmt"/>
      <line num="7" count="1" type="stmt"/>
      <line num="10" count="1" type="stmt"/>
      <line num="16" count="1" type="stmt"/>
      <line num="21" count="2" type="stmt"/>
      <line num="22" count="2" type="stmt"/>
      <line num="25" count="1" type="stmt"/>
      <line num="28" count="1" type="stmt"/>
      <line num="31" count="1" type="stmt"/>
      <line num="32" count="1" type="stmt"/>
      <line num="35" count="1" type="stmt"/>
      <line num="38" count="1" type="stmt"/>
      <line num="39" count="1" type="stmt"/>
      <line num="40" count="1" type="stmt"/>
      <line num="43" count="1" type="stmt"/>
      <line num="50" count="1" type="stmt"/>
      <line num="53" count="1" type="stmt"/>
      <line num="56" count="1" type="stmt"/>
      <line num="58" count="1" type="stmt"/>
      <line num="61" count="1" type="stmt"/>
      <line num="63" count="1" type="stmt"/>
      <line num="74" count="1" type="stmt"/>
      <line num="77" count="1" type="stmt"/>
      <line num="78" count="1" type="stmt"/>
      <line num="81" count="1" type="stmt"/>
      <line num="83" count="1" type="cond" truecount="1" falsecount="1"/>
      <line num="84" count="0" type="stmt"/>
      <line num="87" count="1" type="stmt"/>
      <line num="89" count="1" type="stmt"/>
      <line num="94" count="1" type="cond" truecount="1" falsecount="1"/>
      <line num="96" count="0" type="stmt"/>
      <line num="99" count="1" type="stmt"/>
      <line num="103" count="1" type="stmt"/>
      <line num="105" count="1" type="stmt"/>
      <line num="108" count="1" type="stmt"/>
      <line num="109" count="1" type="stmt"/>
      <line num="112" count="1" type="stmt"/>
      <line num="114" count="1" type="stmt"/>
      <line num="118" count="1" type="stmt"/>
    </file>
  </project>
</coverage>
