TN:
SF:index.js
FN:13,generateUniqueKeyID
FN:20,isKeyExpired
FN:25,(anonymous_2)
FN:56,(anonymous_3)
FN:58,(anonymous_4)
FN:62,(anonymous_5)
FN:77,(anonymous_6)
FN:81,(anonymous_7)
FN:108,(anonymous_8)
FN:114,(anonymous_9)
FNF:10
FNH:10
FNDA:1,generateUniqueKeyID
FNDA:2,isKeyExpired
FNDA:1,(anonymous_2)
FNDA:1,(anonymous_3)
FNDA:1,(anonymous_4)
FNDA:1,(anonymous_5)
FNDA:1,(anonymous_6)
FNDA:1,(anonymous_7)
FNDA:1,(anonymous_8)
FNDA:1,(anonymous_9)
DA:1,1
DA:2,1
DA:3,1
DA:4,1
DA:5,1
DA:7,1
DA:10,1
DA:16,1
DA:21,2
DA:22,2
DA:25,1
DA:28,1
DA:31,1
DA:32,1
DA:35,1
DA:38,1
DA:39,1
DA:40,1
DA:43,1
DA:50,1
DA:53,1
DA:56,1
DA:58,1
DA:61,1
DA:63,1
DA:74,1
DA:77,1
DA:78,1
DA:81,1
DA:83,1
DA:84,0
DA:87,1
DA:89,1
DA:94,1
DA:96,0
DA:99,1
DA:103,1
DA:105,1
DA:108,1
DA:109,1
DA:112,1
DA:114,1
DA:118,1
LF:43
LH:41
BRDA:83,0,0,0
BRDA:83,0,1,1
BRDA:94,1,0,0
BRDA:94,1,1,1
BRF:4
BRH:2
end_of_record
